TN:
SF:src\modules\accounts\useCases\authenticateUser\AuthenticateUserController.ts
FN:5,AuthenticateUserController
FN:6,Object.<anonymous>.AuthenticateUserController.handle
FNF:2
FNH:2
FNDA:2,AuthenticateUserController
FNDA:3,Object.<anonymous>.AuthenticateUserController.handle
DA:1,1
DA:2,1
DA:3,1
DA:4,1
DA:5,2
DA:6,2
DA:7,3
DA:8,3
DA:9,3
DA:10,3
DA:11,3
DA:12,3
DA:13,3
DA:14,3
DA:15,3
DA:16,2
DA:17,1
LF:17
LH:17
BRDA:5,0,0,2
BRDA:5,1,0,2
BRDA:6,2,0,3
BRF:3
BRH:3
end_of_record
TN:
SF:src\modules\accounts\useCases\authenticateUser\AuthenticateUserUseCase.ts
FN:27,AuthenticateUserUseCase
FN:38,Object.<anonymous>.AuthenticateUserUseCase.execute
FNF:2
FNH:2
FNDA:6,AuthenticateUserUseCase
FNDA:6,Object.<anonymous>.AuthenticateUserUseCase.execute
DA:1,1
DA:2,1
DA:3,1
DA:4,1
DA:5,1
DA:6,1
DA:7,1
DA:8,1
DA:9,1
DA:10,1
DA:11,1
DA:12,1
DA:13,1
DA:14,1
DA:15,1
DA:16,1
DA:17,1
DA:18,1
DA:19,1
DA:20,1
DA:21,1
DA:22,1
DA:23,1
DA:24,1
DA:25,1
DA:26,3
DA:27,3
DA:28,6
DA:29,6
DA:30,6
DA:31,6
DA:32,6
DA:33,6
DA:34,6
DA:35,6
DA:36,6
DA:37,3
DA:38,3
DA:39,6
DA:40,6
DA:41,6
DA:42,6
DA:43,1
DA:44,1
DA:45,6
DA:46,6
DA:47,6
DA:48,6
DA:49,1
DA:50,1
DA:51,4
DA:52,4
DA:53,4
DA:54,4
DA:55,4
DA:56,4
DA:57,4
DA:58,4
DA:59,4
DA:60,4
DA:61,4
DA:62,4
DA:63,4
DA:64,4
DA:65,4
DA:66,4
DA:67,4
DA:68,4
DA:69,6
DA:70,6
DA:71,6
DA:72,6
DA:73,6
DA:74,6
DA:75,6
DA:76,6
DA:77,6
DA:78,6
DA:79,6
DA:80,6
DA:81,6
DA:82,3
DA:83,1
DA:84,1
LF:84
LH:84
BRDA:26,0,0,3
BRDA:27,1,0,6
BRDA:38,2,0,6
BRDA:42,3,0,1
BRDA:48,4,0,4
BRDA:48,5,0,1
BRF:6
BRH:6
end_of_record
TN:
SF:src\modules\accounts\useCases\createUser\CreateUserController.ts
FN:6,CreateUserController
FN:7,Object.<anonymous>.CreateUserController.handle
FNF:2
FNH:1
FNDA:2,CreateUserController
FNDA:0,Object.<anonymous>.CreateUserController.handle
DA:1,1
DA:2,1
DA:3,1
DA:4,1
DA:5,1
DA:6,2
DA:7,2
DA:8,0
DA:9,0
DA:10,0
DA:11,0
DA:12,0
DA:13,0
DA:14,0
DA:15,0
DA:16,0
DA:17,0
DA:18,0
DA:19,0
DA:20,0
DA:21,2
DA:22,1
DA:23,1
LF:23
LH:10
BRDA:6,0,0,2
BRDA:6,1,0,2
BRF:2
BRH:2
end_of_record
TN:
SF:src\modules\accounts\useCases\createUser\CreateUserUseCase.ts
FN:11,CreateUserUseCase
FN:16,Object.<anonymous>.CreateUserUseCase.execute
FNF:2
FNH:2
FNDA:3,CreateUserUseCase
FNDA:2,Object.<anonymous>.CreateUserUseCase.execute
DA:1,1
DA:2,1
DA:3,1
DA:4,1
DA:5,1
DA:6,1
DA:7,1
DA:8,1
DA:9,1
DA:10,3
DA:11,3
DA:12,3
DA:13,3
DA:14,3
DA:15,3
DA:16,3
DA:17,2
DA:18,2
DA:19,2
DA:20,0
DA:21,0
DA:22,2
DA:23,2
DA:24,2
DA:25,2
DA:26,2
DA:27,2
DA:28,2
DA:29,2
DA:30,2
DA:31,2
DA:32,3
DA:33,1
DA:34,1
LF:34
LH:32
BRDA:10,0,0,3
BRDA:11,1,0,3
BRDA:16,2,0,2
BRDA:17,3,0,2
BRDA:19,4,0,0
BRF:5
BRH:4
end_of_record
TN:
SF:src\modules\accounts\useCases\refreshToken\RefreshTokenController.ts
FN:6,RefreshTokenController
FN:7,Object.<anonymous>.RefreshTokenController.handle
FNF:2
FNH:1
FNDA:2,RefreshTokenController
FNDA:0,Object.<anonymous>.RefreshTokenController.handle
DA:1,1
DA:2,1
DA:3,1
DA:4,1
DA:5,1
DA:6,2
DA:7,2
DA:8,0
DA:9,0
DA:10,0
DA:11,0
DA:12,0
DA:13,0
DA:14,0
DA:15,0
DA:16,0
DA:17,2
DA:18,1
DA:19,1
LF:19
LH:10
BRDA:6,0,0,2
BRDA:6,1,0,2
BRF:2
BRH:2
end_of_record
TN:
SF:src\modules\accounts\useCases\refreshToken\RefreshTokenUseCase.ts
FN:22,RefreshTokenUseCase
FN:30,Object.<anonymous>.RefreshTokenUseCase.execute
FNF:2
FNH:0
FNDA:0,RefreshTokenUseCase
FNDA:0,Object.<anonymous>.RefreshTokenUseCase.execute
DA:1,1
DA:2,1
DA:3,1
DA:4,1
DA:5,1
DA:6,1
DA:7,1
DA:8,1
DA:9,1
DA:10,1
DA:11,1
DA:12,1
DA:13,1
DA:14,1
DA:15,1
DA:16,1
DA:17,1
DA:18,1
DA:19,1
DA:20,1
DA:21,2
DA:22,2
DA:23,0
DA:24,0
DA:25,0
DA:26,0
DA:27,0
DA:28,0
DA:29,2
DA:30,2
DA:31,0
DA:32,0
DA:33,0
DA:34,0
DA:35,0
DA:36,0
DA:37,0
DA:38,0
DA:39,0
DA:40,0
DA:41,0
DA:42,0
DA:43,0
DA:44,0
DA:45,0
DA:46,0
DA:47,0
DA:48,0
DA:49,0
DA:50,0
DA:51,0
DA:52,0
DA:53,0
DA:54,0
DA:55,0
DA:56,0
DA:57,0
DA:58,0
DA:59,0
DA:60,0
DA:61,0
DA:62,0
DA:63,0
DA:64,0
DA:65,0
DA:66,0
DA:67,0
DA:68,0
DA:69,0
DA:70,2
DA:71,1
DA:72,1
LF:72
LH:27
BRDA:21,0,0,2
BRF:1
BRH:1
end_of_record
TN:
SF:src\modules\accounts\useCases\resetUserPassword\ResetUserPasswordController.ts
FN:6,ResetUserPasswordController
FN:7,Object.<anonymous>.ResetUserPasswordController.handle
FNF:2
FNH:1
FNDA:2,ResetUserPasswordController
FNDA:0,Object.<anonymous>.ResetUserPasswordController.handle
DA:1,1
DA:2,1
DA:3,1
DA:4,1
DA:5,1
DA:6,2
DA:7,2
DA:8,0
DA:9,0
DA:10,0
DA:11,0
DA:12,0
DA:13,0
DA:14,0
DA:15,0
DA:16,0
DA:17,2
DA:18,1
DA:19,1
LF:19
LH:10
BRDA:6,0,0,2
BRDA:6,1,0,2
BRF:2
BRH:2
end_of_record
TN:
SF:src\modules\accounts\useCases\resetUserPassword\ResetUserPasswordUseCase.ts
FN:16,ResetUserPasswordUseCase
FN:27,Object.<anonymous>.ResetUserPasswordUseCase.execute
FNF:2
FNH:0
FNDA:0,ResetUserPasswordUseCase
FNDA:0,Object.<anonymous>.ResetUserPasswordUseCase.execute
DA:1,1
DA:2,1
DA:3,1
DA:4,1
DA:5,1
DA:6,1
DA:7,1
DA:8,1
DA:9,1
DA:10,1
DA:11,1
DA:12,1
DA:13,1
DA:14,1
DA:15,2
DA:16,2
DA:17,0
DA:18,0
DA:19,0
DA:20,0
DA:21,0
DA:22,0
DA:23,0
DA:24,0
DA:25,0
DA:26,2
DA:27,2
DA:28,0
DA:29,0
DA:30,0
DA:31,0
DA:32,0
DA:33,0
DA:34,0
DA:35,0
DA:36,0
DA:37,0
DA:38,0
DA:39,0
DA:40,0
DA:41,0
DA:42,0
DA:43,0
DA:44,0
DA:45,0
DA:46,0
DA:47,0
DA:48,2
DA:49,1
DA:50,1
LF:50
LH:21
BRDA:15,0,0,2
BRF:1
BRH:1
end_of_record
TN:
SF:src\modules\accounts\useCases\sendForgotPasswordMail\SendForgotPasswordMailController.ts
FN:6,SendForgotPasswordMailController
FN:7,Object.<anonymous>.SendForgotPasswordMailController.handle
FNF:2
FNH:1
FNDA:2,SendForgotPasswordMailController
FNDA:0,Object.<anonymous>.SendForgotPasswordMailController.handle
DA:1,1
DA:2,1
DA:3,1
DA:4,1
DA:5,1
DA:6,2
DA:7,2
DA:8,0
DA:9,0
DA:10,0
DA:11,0
DA:12,0
DA:13,0
DA:14,0
DA:15,0
DA:16,2
DA:17,1
DA:18,1
LF:18
LH:10
BRDA:6,0,0,2
BRDA:6,1,0,2
BRF:2
BRH:2
end_of_record
TN:
SF:src\modules\accounts\useCases\sendForgotPasswordMail\SendForgotPasswordMailUseCase.ts
FN:14,SendForgotPasswordMailUseCase
FN:28,Object.<anonymous>.SendForgotPasswordMailUseCase.execute
FNF:2
FNH:2
FNDA:3,SendForgotPasswordMailUseCase
FNDA:3,Object.<anonymous>.SendForgotPasswordMailUseCase.execute
DA:1,1
DA:2,1
DA:3,1
DA:4,1
DA:5,1
DA:6,1
DA:7,1
DA:8,1
DA:9,1
DA:10,1
DA:11,1
DA:12,1
DA:13,3
DA:14,3
DA:15,3
DA:16,3
DA:17,3
DA:18,3
DA:19,3
DA:20,3
DA:21,3
DA:22,3
DA:23,3
DA:24,3
DA:25,3
DA:26,3
DA:27,3
DA:28,3
DA:29,3
DA:30,3
DA:31,3
DA:32,3
DA:33,3
DA:34,1
DA:35,1
DA:36,3
DA:37,3
DA:38,3
DA:39,3
DA:40,3
DA:41,3
DA:42,3
DA:43,3
DA:44,3
DA:45,3
DA:46,3
DA:47,3
DA:48,3
DA:49,3
DA:50,3
DA:51,3
DA:52,3
DA:53,3
DA:54,3
DA:55,1
DA:56,1
LF:56
LH:56
BRDA:13,0,0,3
BRDA:14,1,0,3
BRDA:28,2,0,3
BRDA:29,3,0,3
BRDA:33,4,0,1
BRF:5
BRH:5
end_of_record
TN:
SF:src\modules\accounts\useCases\updateUserAvatar\UpdateUserAvatarController.ts
FN:7,UpdateUserAvatarController
FN:8,Object.<anonymous>.UpdateUserAvatarController.handle
FNF:2
FNH:1
FNDA:2,UpdateUserAvatarController
FNDA:0,Object.<anonymous>.UpdateUserAvatarController.handle
DA:1,1
DA:2,1
DA:3,1
DA:4,1
DA:5,1
DA:6,1
DA:7,2
DA:8,2
DA:9,0
DA:10,0
DA:11,0
DA:12,0
DA:13,0
DA:14,0
DA:15,0
DA:16,0
DA:17,0
DA:18,0
DA:19,0
DA:20,0
DA:21,0
DA:22,0
DA:23,2
DA:24,1
DA:25,1
LF:25
LH:11
BRDA:7,0,0,2
BRDA:7,1,0,2
BRF:2
BRH:2
end_of_record
TN:
SF:src\modules\accounts\useCases\updateUserAvatar\UpdateUserAvatarUseCase.ts
FN:23,UpdateUserAvatarUseCase
FN:27,Object.<anonymous>.UpdateUserAvatarUseCase.execute
FNF:2
FNH:0
FNDA:0,UpdateUserAvatarUseCase
FNDA:0,Object.<anonymous>.UpdateUserAvatarUseCase.execute
DA:1,1
DA:2,1
DA:3,1
DA:4,1
DA:5,1
DA:6,1
DA:7,1
DA:8,1
DA:9,1
DA:10,1
DA:11,1
DA:12,1
DA:13,1
DA:14,1
DA:15,1
DA:16,1
DA:17,1
DA:18,1
DA:19,1
DA:20,1
DA:21,1
DA:22,2
DA:23,2
DA:24,0
DA:25,0
DA:26,0
DA:27,2
DA:28,0
DA:29,0
DA:30,0
DA:31,0
DA:32,0
DA:33,0
DA:34,0
DA:35,0
DA:36,0
DA:37,0
DA:38,0
DA:39,2
DA:40,1
LF:40
LH:26
BRDA:22,0,0,2
BRF:1
BRH:1
end_of_record
TN:
SF:src\modules\accounts\useCases\userProfileUseCase\UserProfileController.ts
FN:1,(empty-report)
FNF:1
FNH:0
FNDA:0,(empty-report)
DA:1,0
DA:2,0
DA:3,0
DA:4,0
DA:5,0
DA:6,0
DA:7,0
DA:8,0
DA:9,0
DA:10,0
DA:11,0
DA:12,0
DA:13,0
DA:14,0
DA:15,0
DA:16,0
DA:17,0
DA:18,0
LF:18
LH:0
BRDA:1,0,0,0
BRF:1
BRH:0
end_of_record
TN:
SF:src\modules\accounts\useCases\userProfileUseCase\UserProfileUseCase.ts
FN:1,(empty-report)
FNF:1
FNH:0
FNDA:0,(empty-report)
DA:1,0
DA:2,0
DA:3,0
DA:4,0
DA:5,0
DA:6,0
DA:7,0
DA:8,0
DA:9,0
DA:10,0
DA:11,0
DA:12,0
DA:13,0
DA:14,0
DA:15,0
DA:16,0
DA:17,0
DA:18,0
DA:19,0
DA:20,0
DA:21,0
DA:22,0
DA:23,0
DA:24,0
DA:25,0
DA:26,0
DA:27,0
LF:27
LH:0
BRDA:1,0,0,0
BRF:1
BRH:0
end_of_record
TN:
SF:src\modules\cars\useCases\createCar\CreateCarUseCase.ts
FN:19,CreateCarUseCase
FN:24,Object.<anonymous>.CreateCarUseCase.execute
FNF:2
FNH:2
FNDA:3,CreateCarUseCase
FNDA:4,Object.<anonymous>.CreateCarUseCase.execute
DA:1,1
DA:2,1
DA:3,1
DA:4,1
DA:5,1
DA:6,1
DA:7,1
DA:8,1
DA:9,1
DA:10,1
DA:11,1
DA:12,1
DA:13,1
DA:14,1
DA:15,1
DA:16,1
DA:17,1
DA:18,3
DA:19,3
DA:20,3
DA:21,3
DA:22,3
DA:23,3
DA:24,3
DA:25,4
DA:26,4
DA:27,4
DA:28,1
DA:29,1
DA:30,3
DA:31,3
DA:32,3
DA:33,3
DA:34,3
DA:35,3
DA:36,3
DA:37,3
DA:38,3
DA:39,3
DA:40,4
DA:41,4
DA:42,4
DA:43,3
DA:44,1
DA:45,1
LF:45
LH:45
BRDA:18,0,0,3
BRDA:19,1,0,3
BRDA:24,2,0,4
BRDA:25,3,0,4
BRDA:27,4,0,1
BRDA:30,5,0,3
BRF:6
BRH:6
end_of_record
TN:
SF:src\modules\cars\useCases\createCar\createCarController.ts
FN:5,CreateCarController
FN:6,Object.<anonymous>.CreateCarController.handle
FNF:2
FNH:1
FNDA:2,CreateCarController
FNDA:0,Object.<anonymous>.CreateCarController.handle
DA:1,1
DA:2,1
DA:3,1
DA:4,1
DA:5,2
DA:6,2
DA:7,0
DA:8,0
DA:9,0
DA:10,0
DA:11,0
DA:12,0
DA:13,0
DA:14,0
DA:15,0
DA:16,0
DA:17,0
DA:18,0
DA:19,0
DA:20,0
DA:21,0
DA:22,0
DA:23,2
DA:24,1
DA:25,1
LF:25
LH:9
BRDA:5,0,0,2
BRDA:5,1,0,2
BRF:2
BRH:2
end_of_record
TN:
SF:src\modules\cars\useCases\createCarSpecification\CreateCarSpecificationController.ts
FN:6,CreateCarSpecificationController
FN:7,Object.<anonymous>.CreateCarSpecificationController.handle
FNF:2
FNH:1
FNDA:2,CreateCarSpecificationController
FNDA:0,Object.<anonymous>.CreateCarSpecificationController.handle
DA:1,1
DA:2,1
DA:3,1
DA:4,1
DA:5,1
DA:6,2
DA:7,2
DA:8,0
DA:9,0
DA:10,0
DA:11,0
DA:12,0
DA:13,0
DA:14,0
DA:15,0
DA:16,0
DA:17,0
DA:18,0
DA:19,0
DA:20,2
DA:21,1
DA:22,1
LF:22
LH:10
BRDA:6,0,0,2
BRDA:6,1,0,2
BRF:2
BRH:2
end_of_record
TN:
SF:src\modules\cars\useCases\createCarSpecification\CreateCarSpecificationUseCase.ts
FN:15,CreateCarSpecificationUseCase
FN:23,Object.<anonymous>.CreateCarSpecificationUseCase.execute
FNF:2
FNH:2
FNDA:2,CreateCarSpecificationUseCase
FNDA:2,Object.<anonymous>.CreateCarSpecificationUseCase.execute
DA:1,1
DA:2,1
DA:3,1
DA:4,1
DA:5,1
DA:6,1
DA:7,1
DA:8,1
DA:9,1
DA:10,1
DA:11,1
DA:12,1
DA:13,1
DA:14,3
DA:15,3
DA:16,2
DA:17,2
DA:18,2
DA:19,2
DA:20,2
DA:21,2
DA:22,3
DA:23,3
DA:24,2
DA:25,2
DA:26,2
DA:27,1
DA:28,1
DA:29,1
DA:30,1
DA:31,1
DA:32,1
DA:33,2
DA:34,2
DA:35,2
DA:36,2
DA:37,2
DA:38,2
DA:39,2
DA:40,2
DA:41,3
DA:42,1
DA:43,1
LF:43
LH:43
BRDA:14,0,0,3
BRDA:15,1,0,2
BRDA:23,2,0,2
BRDA:24,3,0,2
BRDA:26,4,0,1
BRF:5
BRH:5
end_of_record
TN:
SF:src\modules\cars\useCases\createCategory\CreateCategoryController.ts
FN:5,CreateCategoryController
FN:6,Object.<anonymous>.CreateCategoryController.handle
FNF:2
FNH:2
FNDA:2,CreateCategoryController
FNDA:3,Object.<anonymous>.CreateCategoryController.handle
DA:1,1
DA:2,1
DA:3,1
DA:4,1
DA:5,2
DA:6,2
DA:7,3
DA:8,3
DA:9,3
DA:10,3
DA:11,3
DA:12,3
DA:13,3
DA:14,3
DA:15,3
DA:16,3
DA:17,2
DA:18,1
DA:19,1
LF:19
LH:19
BRDA:5,0,0,2
BRDA:5,1,0,2
BRDA:6,2,0,3
BRF:3
BRH:3
end_of_record
TN:
SF:src\modules\cars\useCases\createCategory\CreateCategoryUseCase.ts
FN:14,CreateCategoryUseCase
FN:19,Object.<anonymous>.CreateCategoryUseCase.execute
FNF:2
FNH:2
FNDA:5,CreateCategoryUseCase
FNDA:6,Object.<anonymous>.CreateCategoryUseCase.execute
DA:1,1
DA:2,1
DA:3,1
DA:4,1
DA:5,1
DA:6,1
DA:7,1
DA:8,1
DA:9,1
DA:10,1
DA:11,1
DA:12,1
DA:13,3
DA:14,3
DA:15,5
DA:16,5
DA:17,5
DA:18,3
DA:19,3
DA:20,6
DA:21,6
DA:22,6
DA:23,2
DA:24,2
DA:25,2
DA:26,5
DA:27,5
DA:28,6
DA:29,3
DA:30,1
DA:31,1
LF:31
LH:31
BRDA:13,0,0,3
BRDA:14,1,0,5
BRDA:19,2,0,6
BRDA:20,3,0,6
BRDA:22,4,0,5
BRDA:22,5,0,2
BRF:6
BRH:6
end_of_record
TN:
SF:src\modules\cars\useCases\createSpecification\CreateSpecificationController.ts
FN:6,CreateSpecificationController
FN:9,Object.<anonymous>.CreateSpecificationController.handle
FNF:2
FNH:1
FNDA:2,CreateSpecificationController
FNDA:0,Object.<anonymous>.CreateSpecificationController.handle
DA:1,1
DA:2,1
DA:3,1
DA:4,1
DA:5,1
DA:6,2
DA:7,2
DA:8,2
DA:9,2
DA:10,0
DA:11,0
DA:12,0
DA:13,0
DA:14,0
DA:15,0
DA:16,0
DA:17,0
DA:18,2
DA:19,1
DA:20,1
LF:20
LH:12
BRDA:6,0,0,2
BRDA:6,1,0,2
BRF:2
BRH:2
end_of_record
TN:
SF:src\modules\cars\useCases\createSpecification\CreateSpecificationUseCase.ts
FN:12,CreateSpecificationUseCase
FN:17,Object.<anonymous>.CreateSpecificationUseCase.execute
FNF:2
FNH:0
FNDA:0,CreateSpecificationUseCase
FNDA:0,Object.<anonymous>.CreateSpecificationUseCase.execute
DA:1,1
DA:2,1
DA:3,1
DA:4,1
DA:5,1
DA:6,1
DA:7,1
DA:8,1
DA:9,1
DA:10,1
DA:11,2
DA:12,2
DA:13,0
DA:14,0
DA:15,0
DA:16,2
DA:17,2
DA:18,0
DA:19,0
DA:20,0
DA:21,0
DA:22,0
DA:23,0
DA:24,0
DA:25,0
DA:26,0
DA:27,0
DA:28,0
DA:29,0
DA:30,2
DA:31,1
DA:32,1
LF:32
LH:17
BRDA:11,0,0,2
BRF:1
BRH:1
end_of_record
TN:
SF:src\modules\cars\useCases\deleteCar\DeleteCarController.ts
FN:6,DeleteCarController
FN:7,Object.<anonymous>.DeleteCarController.handle
FNF:2
FNH:1
FNDA:2,DeleteCarController
FNDA:0,Object.<anonymous>.DeleteCarController.handle
DA:1,1
DA:2,1
DA:3,1
DA:4,1
DA:5,1
DA:6,2
DA:7,2
DA:8,0
DA:9,0
DA:10,0
DA:11,0
DA:12,0
DA:13,0
DA:14,0
DA:15,0
DA:16,2
DA:17,1
DA:18,1
LF:18
LH:10
BRDA:6,0,0,2
BRDA:6,1,0,2
BRF:2
BRH:2
end_of_record
TN:
SF:src\modules\cars\useCases\deleteCar\DeleteCarUseCase.ts
FN:14,DeleteCarUseCase
FN:22,Object.<anonymous>.DeleteCarUseCase.execute
FNF:2
FNH:0
FNDA:0,DeleteCarUseCase
FNDA:0,Object.<anonymous>.DeleteCarUseCase.execute
DA:1,1
DA:2,1
DA:3,1
DA:4,1
DA:5,1
DA:6,1
DA:7,1
DA:8,1
DA:9,1
DA:10,1
DA:11,1
DA:12,1
DA:13,2
DA:14,2
DA:15,0
DA:16,0
DA:17,0
DA:18,0
DA:19,0
DA:20,0
DA:21,2
DA:22,2
DA:23,0
DA:24,0
DA:25,0
DA:26,0
DA:27,0
DA:28,0
DA:29,0
DA:30,0
DA:31,0
DA:32,0
DA:33,0
DA:34,0
DA:35,0
DA:36,2
DA:37,1
DA:38,1
LF:38
LH:19
BRDA:13,0,0,2
BRF:1
BRH:1
end_of_record
TN:
SF:src\modules\cars\useCases\deleteCarImages\deleteCarImagesController.ts
FN:5,DeleteCarImagesController
FN:6,Object.<anonymous>.DeleteCarImagesController.handle
FNF:2
FNH:1
FNDA:2,DeleteCarImagesController
FNDA:0,Object.<anonymous>.DeleteCarImagesController.handle
DA:1,1
DA:2,1
DA:3,1
DA:4,1
DA:5,2
DA:6,2
DA:7,0
DA:8,0
DA:9,0
DA:10,0
DA:11,0
DA:12,0
DA:13,0
DA:14,0
DA:15,2
DA:16,1
DA:17,1
LF:17
LH:9
BRDA:5,0,0,2
BRDA:5,1,0,2
BRF:2
BRH:2
end_of_record
TN:
SF:src\modules\cars\useCases\deleteCarImages\deleteCarImagesUseCase.ts
FN:13,DeleteCarImagesUseCase
FN:18,Object.<anonymous>.DeleteCarImagesUseCase.execute
FNF:2
FNH:0
FNDA:0,DeleteCarImagesUseCase
FNDA:0,Object.<anonymous>.DeleteCarImagesUseCase.execute
DA:1,1
DA:2,1
DA:3,1
DA:4,1
DA:5,1
DA:6,1
DA:7,1
DA:8,1
DA:9,1
DA:10,1
DA:11,1
DA:12,2
DA:13,2
DA:14,0
DA:15,0
DA:16,0
DA:17,2
DA:18,2
DA:19,0
DA:20,0
DA:21,0
DA:22,0
DA:23,0
DA:24,0
DA:25,0
DA:26,0
DA:27,2
DA:28,1
DA:29,1
LF:29
LH:18
BRDA:12,0,0,2
BRF:1
BRH:1
end_of_record
TN:
SF:src\modules\cars\useCases\deleteCarSpecifications\deleteCarSpecificationsController.ts
FN:6,DeleteCarSpecificationsController
FN:7,Object.<anonymous>.DeleteCarSpecificationsController.handle
FNF:2
FNH:1
FNDA:2,DeleteCarSpecificationsController
FNDA:0,Object.<anonymous>.DeleteCarSpecificationsController.handle
DA:1,1
DA:2,1
DA:3,1
DA:4,1
DA:5,1
DA:6,2
DA:7,2
DA:8,0
DA:9,0
DA:10,0
DA:11,0
DA:12,0
DA:13,0
DA:14,0
DA:15,0
DA:16,0
DA:17,0
DA:18,2
DA:19,1
DA:20,1
LF:20
LH:10
BRDA:6,0,0,2
BRDA:6,1,0,2
BRF:2
BRH:2
end_of_record
TN:
SF:src\modules\cars\useCases\deleteCarSpecifications\deleteCarSpecificationsUseCase.ts
FN:14,DeleteCarSpecificationsUseCase
FN:19,Object.<anonymous>.DeleteCarSpecificationsUseCase.execute
FNF:2
FNH:0
FNDA:0,DeleteCarSpecificationsUseCase
FNDA:0,Object.<anonymous>.DeleteCarSpecificationsUseCase.execute
DA:1,1
DA:2,1
DA:3,1
DA:4,1
DA:5,1
DA:6,1
DA:7,1
DA:8,1
DA:9,1
DA:10,1
DA:11,1
DA:12,1
DA:13,2
DA:14,2
DA:15,0
DA:16,0
DA:17,0
DA:18,2
DA:19,2
DA:20,0
DA:21,0
DA:22,0
DA:23,0
DA:24,0
DA:25,0
DA:26,0
DA:27,0
DA:28,0
DA:29,0
DA:30,0
DA:31,0
DA:32,0
DA:33,0
DA:34,0
DA:35,0
DA:36,2
DA:37,1
DA:38,1
LF:38
LH:19
BRDA:13,0,0,2
BRF:1
BRH:1
end_of_record
TN:
SF:src\modules\cars\useCases\importCategory\ImportCategoryController.ts
FN:7,ImportCategoryController
FN:9,Object.<anonymous>.ImportCategoryController.handle
FNF:2
FNH:1
FNDA:2,ImportCategoryController
FNDA:0,Object.<anonymous>.ImportCategoryController.handle
DA:1,1
DA:2,1
DA:3,1
DA:4,1
DA:5,1
DA:6,1
DA:7,2
DA:8,2
DA:9,2
DA:10,0
DA:11,0
DA:12,0
DA:13,0
DA:14,0
DA:15,0
DA:16,0
DA:17,0
DA:18,0
DA:19,0
DA:20,0
DA:21,0
DA:22,2
DA:23,1
DA:24,1
LF:24
LH:12
BRDA:7,0,0,2
BRDA:7,1,0,2
BRF:2
BRH:2
end_of_record
TN:
SF:src\modules\cars\useCases\importCategory\ImportCategoryUseCase.ts
FN:14,ImportCategoryUseCase
FN:19,Object.<anonymous>.ImportCategoryUseCase.loadCategories
FN:46,Object.<anonymous>.ImportCategoryUseCase.execute
FNF:3
FNH:0
FNDA:0,ImportCategoryUseCase
FNDA:0,Object.<anonymous>.ImportCategoryUseCase.loadCategories
FNDA:0,Object.<anonymous>.ImportCategoryUseCase.execute
DA:1,1
DA:2,1
DA:3,1
DA:4,1
DA:5,1
DA:6,1
DA:7,1
DA:8,1
DA:9,1
DA:10,1
DA:11,1
DA:12,1
DA:13,2
DA:14,2
DA:15,0
DA:16,0
DA:17,0
DA:18,2
DA:19,2
DA:20,0
DA:21,0
DA:22,0
DA:23,0
DA:24,0
DA:25,0
DA:26,0
DA:27,0
DA:28,0
DA:29,0
DA:30,0
DA:31,0
DA:32,0
DA:33,0
DA:34,0
DA:35,0
DA:36,0
DA:37,0
DA:38,0
DA:39,0
DA:40,0
DA:41,0
DA:42,0
DA:43,0
DA:44,0
DA:45,2
DA:46,2
DA:47,0
DA:48,0
DA:49,0
DA:50,0
DA:51,0
DA:52,0
DA:53,0
DA:54,0
DA:55,0
DA:56,0
DA:57,0
DA:58,0
DA:59,0
DA:60,2
DA:61,1
DA:62,1
LF:62
LH:21
BRDA:13,0,0,2
BRF:1
BRH:1
end_of_record
TN:
SF:src\modules\cars\useCases\listAvailableCars\ListAvailableCarsController.ts
FN:6,ListAvailableCarsController
FN:7,Object.<anonymous>.ListAvailableCarsController.handle
FNF:2
FNH:1
FNDA:2,ListAvailableCarsController
FNDA:0,Object.<anonymous>.ListAvailableCarsController.handle
DA:1,1
DA:2,1
DA:3,1
DA:4,1
DA:5,1
DA:6,2
DA:7,2
DA:8,0
DA:9,0
DA:10,0
DA:11,0
DA:12,0
DA:13,0
DA:14,0
DA:15,0
DA:16,0
DA:17,0
DA:18,0
DA:19,0
DA:20,0
DA:21,2
DA:22,1
DA:23,1
LF:23
LH:10
BRDA:6,0,0,2
BRDA:6,1,0,2
BRF:2
BRH:2
end_of_record
TN:
SF:src\modules\cars\useCases\listAvailableCars\ListAvailableCarsUseCase.ts
FN:13,ListAvailableCarsUseCase
FN:18,Object.<anonymous>.ListAvailableCarsUseCase.execute
FNF:2
FNH:2
FNDA:4,ListAvailableCarsUseCase
FNDA:4,Object.<anonymous>.ListAvailableCarsUseCase.execute
DA:1,1
DA:2,1
DA:3,1
DA:4,1
DA:5,1
DA:6,1
DA:7,1
DA:8,1
DA:9,1
DA:10,1
DA:11,1
DA:12,3
DA:13,3
DA:14,4
DA:15,4
DA:16,4
DA:17,3
DA:18,3
DA:19,4
DA:20,4
DA:21,4
DA:22,4
DA:23,3
DA:24,1
DA:25,1
LF:25
LH:25
BRDA:12,0,0,3
BRDA:13,1,0,4
BRDA:18,2,0,4
BRDA:19,3,0,4
BRF:4
BRH:4
end_of_record
TN:
SF:src\modules\cars\useCases\listCategories\ListCategoriesController.ts
FN:7,ListCategoriesController
FN:9,Object.<anonymous>.ListCategoriesController.handle
FNF:2
FNH:2
FNDA:2,ListCategoriesController
FNDA:1,Object.<anonymous>.ListCategoriesController.handle
DA:1,1
DA:2,1
DA:3,1
DA:4,1
DA:5,1
DA:6,1
DA:7,2
DA:8,2
DA:9,2
DA:10,1
DA:11,1
DA:12,1
DA:13,1
DA:14,1
DA:15,1
DA:16,2
DA:17,1
DA:18,1
LF:18
LH:18
BRDA:7,0,0,2
BRDA:7,1,0,2
BRDA:9,2,0,1
BRF:3
BRH:3
end_of_record
TN:
SF:src\modules\cars\useCases\listCategories\ListCategoriesUseCase.ts
FN:8,ListCategoriesUseCase
FN:13,Object.<anonymous>.ListCategoriesUseCase.execute
FNF:2
FNH:2
FNDA:1,ListCategoriesUseCase
FNDA:1,Object.<anonymous>.ListCategoriesUseCase.execute
DA:1,1
DA:2,1
DA:3,1
DA:4,1
DA:5,1
DA:6,1
DA:7,2
DA:8,2
DA:9,1
DA:10,1
DA:11,1
DA:12,2
DA:13,2
DA:14,1
DA:15,1
DA:16,2
DA:17,1
DA:18,1
LF:18
LH:18
BRDA:7,0,0,2
BRDA:8,1,0,1
BRDA:13,2,0,1
BRF:3
BRH:3
end_of_record
TN:
SF:src\modules\cars\useCases\uploadCarImages\UploadCarImagesController.ts
FN:9,UploadCarImagesController
FN:10,Object.<anonymous>.UploadCarImagesController.handle
FNF:2
FNH:1
FNDA:2,UploadCarImagesController
FNDA:0,Object.<anonymous>.UploadCarImagesController.handle
DA:1,1
DA:2,1
DA:3,1
DA:4,1
DA:5,1
DA:6,1
DA:7,1
DA:8,1
DA:9,2
DA:10,2
DA:11,0
DA:12,0
DA:13,0
DA:14,0
DA:15,0
DA:16,0
DA:17,0
DA:18,0
DA:19,0
DA:20,0
DA:21,0
DA:22,0
DA:23,0
DA:24,0
DA:25,2
DA:26,1
DA:27,1
LF:27
LH:13
BRDA:9,0,0,2
BRDA:9,1,0,2
BRF:2
BRH:2
end_of_record
TN:
SF:src\modules\cars\useCases\uploadCarImages\UploadCarImagesUseCase.ts
FN:12,UploadCarImagesUseCase
FN:17,Object.<anonymous>.UploadCarImagesUseCase.execute
FNF:2
FNH:0
FNDA:0,UploadCarImagesUseCase
FNDA:0,Object.<anonymous>.UploadCarImagesUseCase.execute
DA:1,1
DA:2,1
DA:3,1
DA:4,1
DA:5,1
DA:6,1
DA:7,1
DA:8,1
DA:9,1
DA:10,1
DA:11,2
DA:12,2
DA:13,0
DA:14,0
DA:15,0
DA:16,2
DA:17,2
DA:18,0
DA:19,0
DA:20,0
DA:21,0
DA:22,0
DA:23,0
DA:24,0
DA:25,0
DA:26,0
DA:27,0
DA:28,0
DA:29,0
DA:30,0
DA:31,0
DA:32,2
DA:33,1
DA:34,1
LF:34
LH:17
BRDA:11,0,0,2
BRF:1
BRH:1
end_of_record
TN:
SF:src\modules\rentals\useCases\createRental\CreateRentalController.ts
FN:6,CreateRentalController
FN:7,Object.<anonymous>.CreateRentalController.handle
FNF:2
FNH:1
FNDA:2,CreateRentalController
FNDA:0,Object.<anonymous>.CreateRentalController.handle
DA:1,1
DA:2,1
DA:3,1
DA:4,1
DA:5,1
DA:6,2
DA:7,2
DA:8,0
DA:9,0
DA:10,0
DA:11,0
DA:12,0
DA:13,0
DA:14,0
DA:15,0
DA:16,0
DA:17,0
DA:18,0
DA:19,0
DA:20,0
DA:21,2
DA:22,1
DA:23,1
LF:23
LH:10
BRDA:6,0,0,2
BRDA:6,1,0,2
BRF:2
BRH:2
end_of_record
TN:
SF:src\modules\rentals\useCases\createRental\CreateRentalUseCase.ts
FN:18,CreateRentalUseCase
FN:29,Object.<anonymous>.CreateRentalUseCase.execute
FNF:2
FNH:2
FNDA:4,CreateRentalUseCase
FNDA:4,Object.<anonymous>.CreateRentalUseCase.execute
DA:1,1
DA:2,1
DA:3,1
DA:4,1
DA:5,1
DA:6,1
DA:7,1
DA:8,1
DA:9,1
DA:10,1
DA:11,1
DA:12,1
DA:13,1
DA:14,1
DA:15,1
DA:16,1
DA:17,3
DA:18,3
DA:19,4
DA:20,4
DA:21,4
DA:22,4
DA:23,4
DA:24,4
DA:25,4
DA:26,4
DA:27,4
DA:28,3
DA:29,3
DA:30,4
DA:31,4
DA:32,4
DA:33,4
DA:34,4
DA:35,4
DA:36,1
DA:37,1
DA:38,4
DA:39,4
DA:40,4
DA:41,4
DA:42,4
DA:43,1
DA:44,1
DA:45,2
DA:46,2
DA:47,2
DA:48,2
DA:49,2
DA:50,2
DA:51,4
DA:52,1
DA:53,1
DA:54,1
DA:55,1
DA:56,1
DA:57,1
DA:58,1
DA:59,1
DA:60,4
DA:61,4
DA:62,4
DA:63,4
DA:64,4
DA:65,3
DA:66,1
DA:67,1
LF:67
LH:67
BRDA:17,0,0,3
BRDA:18,1,0,4
BRDA:29,2,0,4
BRDA:35,3,0,1
BRDA:42,4,0,1
BRDA:45,5,0,2
BRDA:51,6,0,1
BRF:7
BRH:7
end_of_record
TN:
SF:src\modules\rentals\useCases\devolutionRental\DevolutionRentalController.ts
FN:6,DevolutionRentalController
FN:7,Object.<anonymous>.DevolutionRentalController.handle
FNF:2
FNH:1
FNDA:2,DevolutionRentalController
FNDA:0,Object.<anonymous>.DevolutionRentalController.handle
DA:1,1
DA:2,1
DA:3,1
DA:4,1
DA:5,1
DA:6,2
DA:7,2
DA:8,0
DA:9,0
DA:10,0
DA:11,0
DA:12,0
DA:13,0
DA:14,0
DA:15,0
DA:16,0
DA:17,0
DA:18,0
DA:19,0
DA:20,2
DA:21,1
DA:22,1
LF:22
LH:10
BRDA:6,0,0,2
BRDA:6,1,0,2
BRF:2
BRH:2
end_of_record
TN:
SF:src\modules\rentals\useCases\devolutionRental\DevolutionRentalUseCase.ts
FN:16,DevolutionRentalUseCase
FN:27,Object.<anonymous>.DevolutionRentalUseCase.execute
FNF:2
FNH:0
FNDA:0,DevolutionRentalUseCase
FNDA:0,Object.<anonymous>.DevolutionRentalUseCase.execute
DA:1,1
DA:2,1
DA:3,1
DA:4,1
DA:5,1
DA:6,1
DA:7,1
DA:8,1
DA:9,1
DA:10,1
DA:11,1
DA:12,1
DA:13,1
DA:14,1
DA:15,2
DA:16,2
DA:17,0
DA:18,0
DA:19,0
DA:20,0
DA:21,0
DA:22,0
DA:23,0
DA:24,0
DA:25,0
DA:26,2
DA:27,2
DA:28,0
DA:29,0
DA:30,0
DA:31,0
DA:32,0
DA:33,0
DA:34,0
DA:35,0
DA:36,0
DA:37,0
DA:38,0
DA:39,0
DA:40,0
DA:41,0
DA:42,0
DA:43,0
DA:44,0
DA:45,0
DA:46,0
DA:47,0
DA:48,0
DA:49,0
DA:50,0
DA:51,0
DA:52,0
DA:53,0
DA:54,0
DA:55,0
DA:56,0
DA:57,0
DA:58,0
DA:59,0
DA:60,0
DA:61,0
DA:62,0
DA:63,0
DA:64,0
DA:65,0
DA:66,0
DA:67,0
DA:68,0
DA:69,0
DA:70,0
DA:71,0
DA:72,2
DA:73,1
DA:74,1
LF:74
LH:21
BRDA:15,0,0,2
BRF:1
BRH:1
end_of_record
TN:
SF:src\modules\rentals\useCases\listRentalsByUser\ListRentalsByUserController.ts
FN:6,ListRentalsByUserController
FN:7,Object.<anonymous>.ListRentalsByUserController.handle
FNF:2
FNH:1
FNDA:2,ListRentalsByUserController
FNDA:0,Object.<anonymous>.ListRentalsByUserController.handle
DA:1,1
DA:2,1
DA:3,1
DA:4,1
DA:5,1
DA:6,2
DA:7,2
DA:8,0
DA:9,0
DA:10,0
DA:11,0
DA:12,0
DA:13,0
DA:14,0
DA:15,0
DA:16,2
DA:17,1
DA:18,1
LF:18
LH:10
BRDA:6,0,0,2
BRDA:6,1,0,2
BRF:2
BRH:2
end_of_record
TN:
SF:src\modules\rentals\useCases\listRentalsByUser\ListRentalsByUserUseCase.ts
FN:8,ListRentalsByUserUseCase
FN:13,Object.<anonymous>.ListRentalsByUserUseCase.execute
FNF:2
FNH:0
FNDA:0,ListRentalsByUserUseCase
FNDA:0,Object.<anonymous>.ListRentalsByUserUseCase.execute
DA:1,1
DA:2,1
DA:3,1
DA:4,1
DA:5,1
DA:6,1
DA:7,2
DA:8,2
DA:9,0
DA:10,0
DA:11,0
DA:12,2
DA:13,2
DA:14,0
DA:15,0
DA:16,0
DA:17,2
DA:18,1
DA:19,1
LF:19
LH:13
BRDA:7,0,0,2
BRF:1
BRH:1
end_of_record
